2023-01-14T05:53:47.673Z warn: User Not found with username asda
2023-01-14T06:07:48.983Z warn: User Not found with username thgrfth
2023-01-14T08:07:47.956Z warn: Invalid Password
2023-01-14T08:07:57.835Z warn: Invalid Password
2023-01-14T08:08:04.753Z warn: Invalid Password
2023-01-14T08:08:13.915Z warn: Invalid Password
2023-01-14T08:08:48.529Z warn: User already exists
2023-01-14T08:09:17.931Z warn: User already exists
2023-01-14T08:09:38.772Z warn: Invalid Password
2023-01-14T08:13:13.978Z warn: Invalid Password
2023-01-14T09:35:48.602Z warn: Invalid Password
2023-01-17T03:44:11.275Z warn: Invalid Password
2023-01-17T03:44:16.776Z warn: Invalid Password
2023-01-17T03:54:38.988Z warn: User Not found with username dvcsc
2023-01-17T03:54:49.609Z warn: User Not found with username adasd
2023-01-17T03:55:06.518Z warn: User Not found with username adsa
2023-01-17T03:55:06.527Z warn: User Not found with username adsa
2023-01-17T03:55:15.464Z warn: User Not found with username cac
2023-01-17T03:57:07.599Z warn: User Not found with username asda
2023-01-17T04:05:06.155Z warn: User Not found with username asdas
2023-01-17T04:05:17.306Z warn: User Not found with username asfca
2023-01-17T04:49:31.300Z warn: Invalid Password
2023-01-17T05:33:43.086Z warn: Invalid Password
2023-01-17T05:33:49.230Z warn: Invalid Password
2023-01-17T05:33:54.225Z warn: Invalid Password
2023-01-17T06:50:24.280Z error: GET /api/carrito/:idcart/prdt - Carrito no encontrado
2023-01-17T06:50:42.057Z error: POST /api/carrito/:id/:id_prdt - Carrito no encontrado
2023-01-17T06:50:42.744Z error: GET /api/carrito/:idcart/prdt - Carrito no encontrado
2023-01-17T06:51:40.697Z error: GET /api/carrito/:idcart/prdt - Carrito no encontrado
2023-01-17T06:57:36.623Z error: GET /api/carrito/:idcart/prdt - Carrito no encontrado
