2023-02-02T22:11:18.578Z error: 404
2023-02-02T22:15:54.817Z error: 404
2023-02-03T00:05:22.939Z error: ProductDto is not a constructor
2023-02-03T00:21:32.751Z error: ProductDto is not a constructor
2023-02-03T18:27:09.045Z error: Error leer el ID de archivo: MongoBulkWriteError: Attempted to check out a connection from closed connection pool
2023-02-03T18:27:59.430Z error: Error leer el ID de archivo: MongoBulkWriteError: Attempted to check out a connection from closed connection pool
2023-02-03T18:28:48.642Z error: Error leer el ID de archivo: MongoBulkWriteError: Attempted to check out a connection from closed connection pool
2023-02-03T18:29:37.576Z error: Error leer el ID de archivo: ReferenceError: moment is not defined
2023-02-03T18:29:46.446Z error: Error leer el ID de archivo: MongoBulkWriteError: Attempted to check out a connection from closed connection pool
2023-02-03T18:35:34.548Z error: Error leer el ID de archivo: MongoBulkWriteError: Attempted to check out a connection from closed connection pool
2023-02-03T18:36:41.557Z error: Error leer el ID de archivo: MongoBulkWriteError: Attempted to check out a connection from closed connection pool
2023-02-03T18:56:02.897Z error: Error leer el ID de archivo: MongoBulkWriteError: Attempted to check out a connection from closed connection pool
2023-02-03T18:57:22.961Z error: Error leer el ID de archivo: MongoBulkWriteError: Attempted to check out a connection from closed connection pool
2023-02-03T18:57:38.145Z error: Error leer el ID de archivo: MongoBulkWriteError: Attempted to check out a connection from closed connection pool
2023-02-03T18:58:26.390Z error: Error leer el ID de archivo: MongoBulkWriteError: Attempted to check out a connection from closed connection pool
2023-02-03T18:58:56.334Z error: Error leer el ID de archivo: MongoBulkWriteError: Attempted to check out a connection from closed connection pool
2023-02-03T18:59:26.094Z error: Error leer el ID de archivo: MongoBulkWriteError: Attempted to check out a connection from closed connection pool
2023-02-03T19:01:20.229Z error: Error leer el ID de archivo: MongoBulkWriteError: Attempted to check out a connection from closed connection pool
2023-02-03T19:03:10.724Z error: Error leer el ID de archivo: MongoBulkWriteError: Attempted to check out a connection from closed connection pool
2023-02-03T19:29:44.245Z error: Error leer el ID de archivo: ReferenceError: cosole is not defined
2023-02-03T19:29:49.645Z error: Error leer el ID de archivo: ReferenceError: cosole is not defined
2023-02-03T19:30:13.822Z error: Error leer el ID de archivo: MongoBulkWriteError: Attempted to check out a connection from closed connection pool
2023-02-03T19:33:09.443Z error: Error leer el ID de archivo: MongoBulkWriteError: Attempted to check out a connection from closed connection pool
2023-02-03T19:34:52.828Z error: Error leer el ID de archivo: MongoBulkWriteError: Attempted to check out a connection from closed connection pool
2023-02-03T19:35:02.762Z error: Error leer el ID de archivo: MongoBulkWriteError: Attempted to check out a connection from closed connection pool
2023-02-03T19:35:56.763Z error: Error leer el ID de archivo: MongoBulkWriteError: Attempted to check out a connection from closed connection pool
2023-02-03T19:37:20.759Z error: Error leer el ID de archivo: MongoBulkWriteError: Attempted to check out a connection from closed connection pool
2023-02-03T19:37:55.810Z error: Error leer el ID de archivo: MongoBulkWriteError: Attempted to check out a connection from closed connection pool
2023-02-03T19:41:34.367Z error: Error leer el ID de archivo: MongoBulkWriteError: Attempted to check out a connection from closed connection pool
2023-02-03T19:42:21.502Z error: Error leer el ID de archivo: MongoBulkWriteError: Attempted to check out a connection from closed connection pool
2023-02-03T19:43:34.456Z error: Error leer el ID de archivo: ReferenceError: created_at is not defined
2023-02-03T19:46:59.642Z error: Error leer el ID de archivo: ValidationError: id: Cast to Number failed for value "NaN" (type number) at path "id"
2023-02-03T19:48:01.450Z error: Error leer el ID de archivo: ValidationError: id: Cast to Number failed for value "NaN" (type number) at path "id"
2023-02-03T19:49:48.211Z error: Error leer el ID de archivo: MongoBulkWriteError: Attempted to check out a connection from closed connection pool
2023-02-03T19:51:45.509Z error: Error leer el ID de archivo: MongoBulkWriteError: Attempted to check out a connection from closed connection pool
2023-02-03T19:52:58.094Z error: Error leer el ID de archivo: MongoBulkWriteError: Attempted to check out a connection from closed connection pool
2023-02-03T19:53:17.024Z error: Error leer el ID de archivo: MongoBulkWriteError: Attempted to check out a connection from closed connection pool
2023-02-03T19:58:32.206Z error: Cannot read properties of undefined (reading 'json')
2023-02-03T20:01:58.080Z error: Converting circular structure to JSON
    --> starting at object with constructor 'Socket'
    |     property 'parser' -> object with constructor 'HTTPParser'
    --- property 'socket' closes the circle
2023-02-03T20:02:56.310Z error: res.json is not a function
2023-02-03T20:03:16.187Z error: res.json is not a function
2023-02-03T20:14:37.140Z error: thumbnail is not defined
2023-02-03T20:15:32.738Z error: thumbnail is not defined
2023-02-03T20:17:12.387Z error: thumbnail is not defined
2023-02-03T20:17:28.305Z error: thumbnail is not defined
2023-02-03T20:18:04.715Z error: thumbnail is not defined
2023-02-03T20:18:41.770Z error: thumbnail is not defined
2023-02-04T00:30:19.856Z error: dto is not defined
2023-02-04T02:53:29.598Z error: Error leer el ID de archivo: CastError: Cast to ObjectId failed for value "{ id: { '$eq': '1' } }" (type Object) at path "_id" for model "products"
2023-02-04T14:52:28.560Z error: Cannot read properties of undefined (reading 'cnxStr')
2023-02-04T14:54:45.927Z error: Cannot read properties of undefined (reading 'cnxStr')
2023-02-04T17:49:46.341Z warn: User Not found with username pichulito
2023-02-04T18:45:24.485Z warn: Invalid Password
2023-02-04T18:45:24.753Z warn: Invalid Password
2023-02-04T19:16:12.807Z warn: Invalid Password
2023-02-04T21:21:01.412Z warn: Invalid Password
2023-02-04T21:25:53.216Z warn: Invalid Password
2023-02-04T21:25:58.654Z warn: Invalid Password
2023-02-04T21:45:45.071Z warn: Invalid Password
2023-02-04T22:06:47.869Z error: Error leer el ID de archivo: TypeError: Cannot read properties of undefined (reading 'item')
2023-02-04T22:07:04.500Z error: Error leer el ID de archivo: TypeError: Cannot read properties of undefined (reading 'item')
2023-02-04T22:07:06.148Z error: Error leer el ID de archivo: TypeError: Cannot read properties of undefined (reading 'item')
2023-02-04T22:10:24.959Z error: Error leer el ID de archivo: TypeError: Cannot read properties of undefined (reading 'item')
2023-02-04T22:10:57.990Z error: Error leer el ID de archivo: TypeError: Cannot read properties of undefined (reading 'item')
2023-02-04T22:10:58.402Z error: Error leer el ID de archivo: TypeError: Cannot read properties of undefined (reading 'item')
2023-02-04T22:20:10.338Z warn: Invalid Password
2023-02-04T22:20:18.492Z error: Error leer el ID de archivo: TypeError: Cannot read properties of undefined (reading 'item')
2023-02-04T22:29:45.584Z error: Error leer el ID de archivo: TypeError: Cannot read properties of undefined (reading 'item')
2023-02-04T22:33:36.236Z warn: Invalid Password
2023-02-04T22:37:43.241Z error: Error leer el ID de archivo: CastError: Cast to Number failed for value "63de7f5f948c6ccedff4c218" (type string) at path "id" for model "products"
2023-02-04T22:44:55.787Z error: Error leer el ID de archivo: CastError: Cast to Number failed for value "[object Undefined]" (type string) at path "id" for model "products"
2023-02-04T22:47:54.892Z error: Error leer el ID de archivo: CastError: Cast to Number failed for value "63de7f5f948c6ccedff4c218" (type string) at path "id" for model "products"
2023-02-04T22:47:56.311Z error: Error leer el ID de archivo: CastError: Cast to Number failed for value "63de7f5f948c6ccedff4c218" (type string) at path "id" for model "products"
2023-02-05T17:53:44.972Z warn: Invalid Password
2023-02-05T18:36:23.892Z error: Error leer el ID de archivo: TypeError: Cannot read properties of undefined (reading 'item')
2023-02-05T18:59:06.289Z error: Error leer el ID de archivo: Error: El producto no existe
2023-02-05T19:09:44.718Z error: Error leer el ID de archivo: TypeError: collecion.findOne is not a function
2023-02-05T19:14:12.027Z error: Error leer el ID de archivo: TypeError: ProductDao.getById is not a function
2023-02-05T19:16:17.359Z error: Error leer el ID de archivo: TypeError: ProductDao.getById is not a function
2023-02-05T19:30:37.478Z warn: Invalid Password
2023-02-05T19:30:50.331Z error: Error leer el ID de archivo: TypeError: Cannot read properties of undefined (reading 'quantity')
2023-02-05T19:31:39.631Z error: Error leer el ID de archivo: TypeError: Cannot read properties of undefined (reading 'quantity')
2023-02-05T19:33:50.447Z warn: Invalid Password
2023-02-05T19:33:54.542Z warn: Invalid Password
2023-02-05T19:34:00.469Z error: Error leer el ID de archivo: TypeError: Cannot read properties of undefined (reading 'quantity')
2023-02-05T19:38:47.098Z error: Error leer el ID de archivo: TypeError: Cannot read properties of undefined (reading 'quantity')
2023-02-05T19:38:49.269Z error: Error leer el ID de archivo: TypeError: Cannot read properties of undefined (reading 'quantity')
2023-02-05T19:38:49.738Z error: Error leer el ID de archivo: TypeError: Cannot read properties of undefined (reading 'quantity')
2023-02-05T19:38:49.941Z error: Error leer el ID de archivo: TypeError: Cannot read properties of undefined (reading 'quantity')
2023-02-05T19:38:50.108Z error: Error leer el ID de archivo: TypeError: Cannot read properties of undefined (reading 'quantity')
2023-02-05T19:38:51.080Z error: Error leer el ID de archivo: TypeError: Cannot read properties of undefined (reading 'quantity')
2023-02-05T19:38:51.224Z error: Error leer el ID de archivo: TypeError: Cannot read properties of undefined (reading 'quantity')
2023-02-05T19:39:05.581Z error: Error leer el ID de archivo: TypeError: Cannot read properties of undefined (reading 'quantity')
2023-02-05T19:39:05.732Z error: Error leer el ID de archivo: TypeError: Cannot read properties of undefined (reading 'quantity')
2023-02-05T19:39:05.875Z error: Error leer el ID de archivo: TypeError: Cannot read properties of undefined (reading 'quantity')
2023-02-05T19:39:06.003Z error: Error leer el ID de archivo: TypeError: Cannot read properties of undefined (reading 'quantity')
2023-02-05T19:39:06.146Z error: Error leer el ID de archivo: TypeError: Cannot read properties of undefined (reading 'quantity')
2023-02-05T19:39:46.572Z error: Error leer el ID de archivo: TypeError: Cannot read properties of undefined (reading 'quantity')
2023-02-05T19:40:58.095Z error: Error leer el ID de archivo: TypeError: Cannot read properties of undefined (reading 'quantity')
2023-02-05T19:42:04.991Z error: Error leer el ID de archivo: TypeError: Cannot read properties of undefined (reading 'quantity')
2023-02-05T19:43:50.858Z warn: Invalid Password
2023-02-05T19:43:59.102Z error: Error leer el ID de archivo: TypeError: Cannot read properties of undefined (reading 'quantity')
2023-02-05T19:44:47.690Z error: quantity is not defined
2023-02-05T19:45:46.413Z error: quantity is not defined
2023-02-05T19:46:36.355Z error: Error leer el ID de archivo: TypeError: Cannot read properties of undefined (reading 'quantity')
2023-02-05T19:47:47.944Z error: Error leer el ID de archivo: TypeError: Cannot read properties of undefined (reading 'quantity')
2023-02-05T19:53:48.335Z error: CartDto is not a constructor
2023-02-05T19:57:43.238Z warn: Invalid Password
2023-02-05T19:59:43.125Z warn: Invalid Password
2023-02-05T20:02:31.033Z warn: Invalid Password
2023-02-05T20:02:35.402Z warn: Invalid Password
2023-02-05T20:10:58.989Z error: CartDto is not a constructor
2023-02-05T20:13:05.861Z error: CartDto is not a constructor
2023-02-05T20:42:07.276Z warn: Invalid Password
2023-02-05T20:42:51.749Z error: Error leer el ID de archivo: Error: Mongoose does not support calling populate() on nested docs. Instead of `doc.arr[0].populate("path")`, use `doc.populate("arr.0.path")`
2023-02-05T20:42:56.104Z error: Error leer el ID de archivo: Error: Mongoose does not support calling populate() on nested docs. Instead of `doc.arr[0].populate("path")`, use `doc.populate("arr.0.path")`
2023-02-05T20:42:57.519Z error: Error leer el ID de archivo: Error: Mongoose does not support calling populate() on nested docs. Instead of `doc.arr[0].populate("path")`, use `doc.populate("arr.0.path")`
2023-02-05T20:45:00.353Z error: Error leer el ID de archivo: TypeError: Cannot read properties of undefined (reading 'populate')
2023-02-05T20:45:12.862Z error: Error leer el ID de archivo: TypeError: Cannot read properties of undefined (reading 'populate')
2023-02-05T20:46:10.335Z warn: Invalid Password
2023-02-05T20:46:17.377Z error: Error leer el ID de archivo: TypeError: Cannot read properties of undefined (reading 'find')
2023-02-05T20:47:25.877Z error: Error leer el ID de archivo: TypeError: Cannot read properties of undefined (reading 'findOne')
2023-02-05T20:49:00.021Z error: Error leer el ID de archivo: TypeError: Cannot read properties of undefined (reading 'find')
2023-02-06T14:04:58.558Z error: CartDto is not a constructor
2023-02-06T14:09:06.292Z error: CartDto is not a constructor
2023-02-06T14:11:03.695Z error: CartDto is not a constructor
2023-02-06T14:11:08.413Z error: CartDto is not a constructor
2023-02-06T14:13:30.010Z error: cart is not defined
2023-02-06T14:14:23.680Z error: cart is not defined
2023-02-06T14:17:33.928Z error: cart is not defined
2023-02-06T14:18:42.124Z error: cart is not defined
2023-02-06T14:20:07.080Z error: cart is not defined
2023-02-06T15:50:32.639Z warn: Invalid Password
2023-02-06T15:50:32.794Z warn: Invalid Password
2023-02-06T15:50:39.462Z warn: Invalid Password
2023-02-06T15:50:45.005Z warn: Invalid Password
2023-02-06T15:51:53.851Z warn: Invalid Password
2023-02-06T15:55:37.211Z error: Error leer el ID de archivo: TypeError: this.coleccion.insertOne is not a function
2023-02-06T15:55:38.108Z error: Error leer el ID de archivo: TypeError: this.coleccion.insertOne is not a function
2023-02-06T15:55:40.467Z error: Error leer el ID de archivo: TypeError: this.coleccion.insertOne is not a function
2023-02-06T15:55:54.518Z error: Error leer el ID de archivo: TypeError: this.coleccion.insertOne is not a function
2023-02-06T15:55:56.508Z error: Error leer el ID de archivo: TypeError: this.coleccion.insertOne is not a function
2023-02-06T15:55:59.509Z error: Error leer el ID de archivo: TypeError: this.coleccion.insertOne is not a function
2023-02-06T15:56:01.033Z error: Error leer el ID de archivo: TypeError: this.coleccion.insertOne is not a function
2023-02-06T15:56:09.563Z error: Error leer el ID de archivo: TypeError: this.coleccion.insertOne is not a function
2023-02-06T17:21:46.009Z error: connection 1 to 52.5.185.242:27017 timed out
2023-02-06T18:34:15.748Z error: Error al guardar: Error: ENOENT: no such file or directory, open 'C:\Codes\npx-express-model\storage\fileSystem\productos.json'
2023-02-06T18:34:58.628Z error: Error al guardar: Error: ENOENT: no such file or directory, open 'C:\Codes\npx-express-model\storage\fileSystem\productos.json'
2023-02-06T18:37:40.348Z error: Error al guardar: Error: ENOENT: no such file or directory, open 'C:\Codes\npx-express-model\storage\filesystem\productos.json'
